mode: set
github.com/ramayac/goposix/pkg/cal/cal.go:34.43,37.16 3 1
github.com/ramayac/goposix/pkg/cal/cal.go:37.16,38.24 1 1
github.com/ramayac/goposix/pkg/cal/cal.go:38.24,40.4 1 1
github.com/ramayac/goposix/pkg/cal/cal.go:41.3,41.56 1 1
github.com/ramayac/goposix/pkg/cal/cal.go:44.2,51.32 4 1
github.com/ramayac/goposix/pkg/cal/cal.go:51.32,52.41 1 1
github.com/ramayac/goposix/pkg/cal/cal.go:52.41,54.4 1 0
github.com/ramayac/goposix/pkg/cal/cal.go:57.2,57.21 1 1
github.com/ramayac/goposix/pkg/cal/cal.go:57.21,59.3 1 0
github.com/ramayac/goposix/pkg/cal/cal.go:60.2,60.20 1 1
github.com/ramayac/goposix/pkg/cal/cal.go:60.20,62.3 1 0
github.com/ramayac/goposix/pkg/cal/cal.go:63.2,63.49 1 1
github.com/ramayac/goposix/pkg/cal/cal.go:68.72,70.16 2 1
github.com/ramayac/goposix/pkg/cal/cal.go:70.16,72.3 1 1
github.com/ramayac/goposix/pkg/cal/cal.go:72.8,74.3 1 1
github.com/ramayac/goposix/pkg/cal/cal.go:75.2,81.3 1 1
github.com/ramayac/goposix/pkg/cal/cal.go:85.83,88.26 3 1
github.com/ramayac/goposix/pkg/cal/cal.go:88.26,91.3 2 1
github.com/ramayac/goposix/pkg/cal/cal.go:92.2,92.20 1 1
github.com/ramayac/goposix/pkg/cal/cal.go:97.97,99.12 2 1
github.com/ramayac/goposix/pkg/cal/cal.go:99.12,101.3 1 1
github.com/ramayac/goposix/pkg/cal/cal.go:101.8,103.3 1 1
github.com/ramayac/goposix/pkg/cal/cal.go:105.2,112.17 4 1
github.com/ramayac/goposix/pkg/cal/cal.go:112.17,114.3 1 1
github.com/ramayac/goposix/pkg/cal/cal.go:114.8,116.3 1 1
github.com/ramayac/goposix/pkg/cal/cal.go:119.2,120.17 2 1
github.com/ramayac/goposix/pkg/cal/cal.go:120.17,122.3 1 0
github.com/ramayac/goposix/pkg/cal/cal.go:123.2,124.22 2 1
github.com/ramayac/goposix/pkg/cal/cal.go:124.22,126.3 1 1
github.com/ramayac/goposix/pkg/cal/cal.go:126.8,126.29 1 0
github.com/ramayac/goposix/pkg/cal/cal.go:126.29,128.3 1 0
github.com/ramayac/goposix/pkg/cal/cal.go:131.2,132.12 2 1
github.com/ramayac/goposix/pkg/cal/cal.go:132.12,133.18 1 1
github.com/ramayac/goposix/pkg/cal/cal.go:133.18,135.4 1 0
github.com/ramayac/goposix/pkg/cal/cal.go:135.9,137.4 1 1
github.com/ramayac/goposix/pkg/cal/cal.go:138.8,139.18 1 1
github.com/ramayac/goposix/pkg/cal/cal.go:139.18,141.4 1 1
github.com/ramayac/goposix/pkg/cal/cal.go:141.9,143.4 1 1
github.com/ramayac/goposix/pkg/cal/cal.go:145.2,145.22 1 1
github.com/ramayac/goposix/pkg/cal/cal.go:145.22,147.3 1 0
github.com/ramayac/goposix/pkg/cal/cal.go:147.8,147.29 1 1
github.com/ramayac/goposix/pkg/cal/cal.go:147.29,149.3 1 0
github.com/ramayac/goposix/pkg/cal/cal.go:152.2,156.17 4 1
github.com/ramayac/goposix/pkg/cal/cal.go:156.17,158.20 2 1
github.com/ramayac/goposix/pkg/cal/cal.go:158.20,160.4 1 0
github.com/ramayac/goposix/pkg/cal/cal.go:161.8,163.3 1 1
github.com/ramayac/goposix/pkg/cal/cal.go:165.2,168.36 3 1
github.com/ramayac/goposix/pkg/cal/cal.go:168.36,172.12 4 1
github.com/ramayac/goposix/pkg/cal/cal.go:172.12,173.14 1 1
github.com/ramayac/goposix/pkg/cal/cal.go:173.14,176.5 2 1
github.com/ramayac/goposix/pkg/cal/cal.go:176.10,178.5 1 1
github.com/ramayac/goposix/pkg/cal/cal.go:182.2,183.25 2 1
github.com/ramayac/goposix/pkg/cal/cal.go:183.25,185.26 2 1
github.com/ramayac/goposix/pkg/cal/cal.go:185.26,187.18 2 1
github.com/ramayac/goposix/pkg/cal/cal.go:187.18,188.15 1 1
github.com/ramayac/goposix/pkg/cal/cal.go:188.15,190.6 1 1
github.com/ramayac/goposix/pkg/cal/cal.go:190.11,192.6 1 1
github.com/ramayac/goposix/pkg/cal/cal.go:193.10,195.5 1 1
github.com/ramayac/goposix/pkg/cal/cal.go:196.4,196.13 1 1
github.com/ramayac/goposix/pkg/cal/cal.go:196.13,198.5 1 1
github.com/ramayac/goposix/pkg/cal/cal.go:200.3,201.23 2 1
github.com/ramayac/goposix/pkg/cal/cal.go:201.23,203.4 1 0
github.com/ramayac/goposix/pkg/cal/cal.go:203.9,203.30 1 1
github.com/ramayac/goposix/pkg/cal/cal.go:203.30,205.4 1 0
github.com/ramayac/goposix/pkg/cal/cal.go:206.3,206.41 1 1
github.com/ramayac/goposix/pkg/cal/cal.go:209.2,211.12 3 1
github.com/ramayac/goposix/pkg/cal/cal.go:215.65,221.12 5 1
github.com/ramayac/goposix/pkg/cal/cal.go:221.12,233.3 4 0
github.com/ramayac/goposix/pkg/cal/cal.go:233.8,243.3 4 1
github.com/ramayac/goposix/pkg/cal/cal.go:245.2,247.17 3 1
github.com/ramayac/goposix/pkg/cal/cal.go:247.17,249.3 1 0
github.com/ramayac/goposix/pkg/cal/cal.go:250.2,256.34 5 1
github.com/ramayac/goposix/pkg/cal/cal.go:256.34,258.29 2 1
github.com/ramayac/goposix/pkg/cal/cal.go:258.29,260.4 1 1
github.com/ramayac/goposix/pkg/cal/cal.go:262.3,262.26 1 1
github.com/ramayac/goposix/pkg/cal/cal.go:262.26,264.30 2 1
github.com/ramayac/goposix/pkg/cal/cal.go:264.30,266.19 2 1
github.com/ramayac/goposix/pkg/cal/cal.go:266.19,268.6 1 1
github.com/ramayac/goposix/pkg/cal/cal.go:270.4,271.24 2 1
github.com/ramayac/goposix/pkg/cal/cal.go:274.3,274.25 1 1
github.com/ramayac/goposix/pkg/cal/cal.go:274.25,276.4 1 1
github.com/ramayac/goposix/pkg/cal/cal.go:279.2,279.20 1 1
github.com/ramayac/goposix/pkg/cal/cal.go:282.84,284.16 2 1
github.com/ramayac/goposix/pkg/cal/cal.go:284.16,287.3 2 0
github.com/ramayac/goposix/pkg/cal/cal.go:289.2,297.15 8 1
github.com/ramayac/goposix/pkg/cal/cal.go:297.15,299.3 1 0
github.com/ramayac/goposix/pkg/cal/cal.go:301.2,302.23 2 1
github.com/ramayac/goposix/pkg/cal/cal.go:302.23,304.50 2 1
github.com/ramayac/goposix/pkg/cal/cal.go:304.50,307.4 2 0
github.com/ramayac/goposix/pkg/cal/cal.go:308.3,309.12 2 1
github.com/ramayac/goposix/pkg/cal/cal.go:310.8,310.30 1 1
github.com/ramayac/goposix/pkg/cal/cal.go:310.30,312.17 2 1
github.com/ramayac/goposix/pkg/cal/cal.go:312.17,315.4 2 1
github.com/ramayac/goposix/pkg/cal/cal.go:316.3,319.50 3 1
github.com/ramayac/goposix/pkg/cal/cal.go:319.50,322.4 2 1
github.com/ramayac/goposix/pkg/cal/cal.go:323.3,325.16 2 1
github.com/ramayac/goposix/pkg/cal/cal.go:325.16,327.4 1 0
github.com/ramayac/goposix/pkg/cal/cal.go:328.8,328.29 1 1
github.com/ramayac/goposix/pkg/cal/cal.go:328.29,331.3 2 0
github.com/ramayac/goposix/pkg/cal/cal.go:333.2,335.56 2 1
github.com/ramayac/goposix/pkg/cal/cal.go:335.56,337.3 1 1
github.com/ramayac/goposix/pkg/cal/cal.go:339.2,339.10 1 1
github.com/ramayac/goposix/pkg/cal/cal.go:342.13,348.2 1 1
